2020-02-23 15:40:24,050 [myid:] - INFO  [main:QuorumPeerConfig@135] - Reading configuration from: C:\Users\psych\Downloads\DistributedSystems\distsystemsA2\apache-zookeeper-3.5.7-bin.tar\apache-zookeeper-3.5.7-bin\apache-zookeeper-3.5.7-bin\conf\zoo.cfg
2020-02-23 15:40:24,055 [myid:] - WARN  [main:VerifyingFileFactory@59] - \tmp\zookeeper is relative. Prepend .\ to indicate that you're sure!
2020-02-23 15:40:24,065 [myid:] - INFO  [main:QuorumPeerConfig@387] - clientPortAddress is 0.0.0.0:2181
2020-02-23 15:40:24,066 [myid:] - INFO  [main:QuorumPeerConfig@391] - secureClientPort is not set
2020-02-23 15:40:24,068 [myid:] - INFO  [main:DatadirCleanupManager@78] - autopurge.snapRetainCount set to 3
2020-02-23 15:40:24,068 [myid:] - INFO  [main:DatadirCleanupManager@79] - autopurge.purgeInterval set to 0
2020-02-23 15:40:24,068 [myid:] - INFO  [main:DatadirCleanupManager@101] - Purge task is not scheduled.
2020-02-23 15:40:24,068 [myid:] - WARN  [main:QuorumPeerMain@125] - Either no config or no quorum defined in config, running  in standalone mode
2020-02-23 15:40:24,069 [myid:] - INFO  [main:ManagedUtil@46] - Log4j found with jmx enabled.
2020-02-23 15:40:24,099 [myid:] - INFO  [main:QuorumPeerConfig@135] - Reading configuration from: C:\Users\psych\Downloads\DistributedSystems\distsystemsA2\apache-zookeeper-3.5.7-bin.tar\apache-zookeeper-3.5.7-bin\apache-zookeeper-3.5.7-bin\conf\zoo.cfg
2020-02-23 15:40:24,099 [myid:] - WARN  [main:VerifyingFileFactory@59] - \tmp\zookeeper is relative. Prepend .\ to indicate that you're sure!
2020-02-23 15:40:24,099 [myid:] - INFO  [main:QuorumPeerConfig@387] - clientPortAddress is 0.0.0.0:2181
2020-02-23 15:40:24,099 [myid:] - INFO  [main:QuorumPeerConfig@391] - secureClientPort is not set
2020-02-23 15:40:24,099 [myid:] - INFO  [main:ZooKeeperServerMain@117] - Starting server
2020-02-23 15:40:24,102 [myid:] - INFO  [main:FileTxnSnapLog@115] - zookeeper.snapshot.trust.empty : false
2020-02-23 15:40:24,113 [myid:] - INFO  [main:Environment@109] - Server environment:zookeeper.version=3.5.7-f0fdd52973d373ffd9c86b81d99842dc2c7f660e, built on 02/10/2020 11:30 GMT
2020-02-23 15:40:24,114 [myid:] - INFO  [main:Environment@109] - Server environment:host.name=10.66.159.54
2020-02-23 15:40:24,114 [myid:] - INFO  [main:Environment@109] - Server environment:java.version=1.8.0_201
2020-02-23 15:40:24,114 [myid:] - INFO  [main:Environment@109] - Server environment:java.vendor=Oracle Corporation
2020-02-23 15:40:24,114 [myid:] - INFO  [main:Environment@109] - Server environment:java.home=C:\Program Files\Java\jre1.8.0_201
2020-02-23 15:40:24,114 [myid:] - INFO  [main:Environment@109] - Server environment:java.class.path=C:\Users\psych\Downloads\DistributedSystems\distsystemsA2\apache-zookeeper-3.5.7-bin.tar\apache-zookeeper-3.5.7-bin\apache-zookeeper-3.5.7-bin\zookeeper-server\target\classes;C:\Users\psych\Downloads\DistributedSystems\distsystemsA2\apache-zookeeper-3.5.7-bin.tar\apache-zookeeper-3.5.7-bin\apache-zookeeper-3.5.7-bin\build\classes;C:\Users\psych\Downloads\DistributedSystems\distsystemsA2\apache-zookeeper-3.5.7-bin.tar\apache-zookeeper-3.5.7-bin\apache-zookeeper-3.5.7-bin\zookeeper-server\target\lib\*.jar;C:\Users\psych\Downloads\DistributedSystems\distsystemsA2\apache-zookeeper-3.5.7-bin.tar\apache-zookeeper-3.5.7-bin\apache-zookeeper-3.5.7-bin\build\lib\*.jar;C:\Users\psych\Downloads\DistributedSystems\distsystemsA2\apache-zookeeper-3.5.7-bin.tar\apache-zookeeper-3.5.7-bin\apache-zookeeper-3.5.7-bin\lib\zookeeper-jute-3.5.7.jar;C:\Users\psych\Downloads\DistributedSystems\distsystemsA2\apache-zookeeper-3.5.7-bin.tar\apache-zookeeper-3.5.7-bin\apache-zookeeper-3.5.7-bin\lib\zookeeper-3.5.7.jar;C:\Users\psych\Downloads\DistributedSystems\distsystemsA2\apache-zookeeper-3.5.7-bin.tar\apache-zookeeper-3.5.7-bin\apache-zookeeper-3.5.7-bin\lib\slf4j-log4j12-1.7.25.jar;C:\Users\psych\Downloads\DistributedSystems\distsystemsA2\apache-zookeeper-3.5.7-bin.tar\apache-zookeeper-3.5.7-bin\apache-zookeeper-3.5.7-bin\lib\slf4j-api-1.7.25.jar;C:\Users\psych\Downloads\DistributedSystems\distsystemsA2\apache-zookeeper-3.5.7-bin.tar\apache-zookeeper-3.5.7-bin\apache-zookeeper-3.5.7-bin\lib\netty-transport-native-unix-common-4.1.45.Final.jar;C:\Users\psych\Downloads\DistributedSystems\distsystemsA2\apache-zookeeper-3.5.7-bin.tar\apache-zookeeper-3.5.7-bin\apache-zookeeper-3.5.7-bin\lib\netty-transport-native-epoll-4.1.45.Final.jar;C:\Users\psych\Downloads\DistributedSystems\distsystemsA2\apache-zookeeper-3.5.7-bin.tar\apache-zookeeper-3.5.7-bin\apache-zookeeper-3.5.7-bin\lib\netty-transport-4.1.45.Final.jar;C:\Users\psych\Downloads\DistributedSystems\distsystemsA2\apache-zookeeper-3.5.7-bin.tar\apache-zookeeper-3.5.7-bin\apache-zookeeper-3.5.7-bin\lib\netty-resolver-4.1.45.Final.jar;C:\Users\psych\Downloads\DistributedSystems\distsystemsA2\apache-zookeeper-3.5.7-bin.tar\apache-zookeeper-3.5.7-bin\apache-zookeeper-3.5.7-bin\lib\netty-handler-4.1.45.Final.jar;C:\Users\psych\Downloads\DistributedSystems\distsystemsA2\apache-zookeeper-3.5.7-bin.tar\apache-zookeeper-3.5.7-bin\apache-zookeeper-3.5.7-bin\lib\netty-common-4.1.45.Final.jar;C:\Users\psych\Downloads\DistributedSystems\distsystemsA2\apache-zookeeper-3.5.7-bin.tar\apache-zookeeper-3.5.7-bin\apache-zookeeper-3.5.7-bin\lib\netty-codec-4.1.45.Final.jar;C:\Users\psych\Downloads\DistributedSystems\distsystemsA2\apache-zookeeper-3.5.7-bin.tar\apache-zookeeper-3.5.7-bin\apache-zookeeper-3.5.7-bin\lib\netty-buffer-4.1.45.Final.jar;C:\Users\psych\Downloads\DistributedSystems\distsystemsA2\apache-zookeeper-3.5.7-bin.tar\apache-zookeeper-3.5.7-bin\apache-zookeeper-3.5.7-bin\lib\log4j-1.2.17.jar;C:\Users\psych\Downloads\DistributedSystems\distsystemsA2\apache-zookeeper-3.5.7-bin.tar\apache-zookeeper-3.5.7-bin\apache-zookeeper-3.5.7-bin\lib\json-simple-1.1.1.jar;C:\Users\psych\Downloads\DistributedSystems\distsystemsA2\apache-zookeeper-3.5.7-bin.tar\apache-zookeeper-3.5.7-bin\apache-zookeeper-3.5.7-bin\lib\jline-2.11.jar;C:\Users\psych\Downloads\DistributedSystems\distsystemsA2\apache-zookeeper-3.5.7-bin.tar\apache-zookeeper-3.5.7-bin\apache-zookeeper-3.5.7-bin\lib\jetty-util-9.4.24.v20191120.jar;C:\Users\psych\Downloads\DistributedSystems\distsystemsA2\apache-zookeeper-3.5.7-bin.tar\apache-zookeeper-3.5.7-bin\apache-zookeeper-3.5.7-bin\lib\jetty-servlet-9.4.24.v20191120.jar;C:\Users\psych\Downloads\DistributedSystems\distsystemsA2\apache-zookeeper-3.5.7-bin.tar\apache-zookeeper-3.5.7-bin\apache-zookeeper-3.5.7-bin\lib\jetty-server-9.4.24.v20191120.jar;C:\Users\psych\Downloads\DistributedSystems\distsystemsA2\apache-zookeeper-3.5.7-bin.tar\apache-zookeeper-3.5.7-bin\apache-zookeeper-3.5.7-bin\lib\jetty-security-9.4.24.v20191120.jar;C:\Users\psych\Downloads\DistributedSystems\distsystemsA2\apache-zookeeper-3.5.7-bin.tar\apache-zookeeper-3.5.7-bin\apache-zookeeper-3.5.7-bin\lib\jetty-io-9.4.24.v20191120.jar;C:\Users\psych\Downloads\DistributedSystems\distsystemsA2\apache-zookeeper-3.5.7-bin.tar\apache-zookeeper-3.5.7-bin\apache-zookeeper-3.5.7-bin\lib\jetty-http-9.4.24.v20191120.jar;C:\Users\psych\Downloads\DistributedSystems\distsystemsA2\apache-zookeeper-3.5.7-bin.tar\apache-zookeeper-3.5.7-bin\apache-zookeeper-3.5.7-bin\lib\javax.servlet-api-3.1.0.jar;C:\Users\psych\Downloads\DistributedSystems\distsystemsA2\apache-zookeeper-3.5.7-bin.tar\apache-zookeeper-3.5.7-bin\apache-zookeeper-3.5.7-bin\lib\jackson-databind-2.9.10.2.jar;C:\Users\psych\Downloads\DistributedSystems\distsystemsA2\apache-zookeeper-3.5.7-bin.tar\apache-zookeeper-3.5.7-bin\apache-zookeeper-3.5.7-bin\lib\jackson-core-2.9.10.jar;C:\Users\psych\Downloads\DistributedSystems\distsystemsA2\apache-zookeeper-3.5.7-bin.tar\apache-zookeeper-3.5.7-bin\apache-zookeeper-3.5.7-bin\lib\jackson-annotations-2.9.10.jar;C:\Users\psych\Downloads\DistributedSystems\distsystemsA2\apache-zookeeper-3.5.7-bin.tar\apache-zookeeper-3.5.7-bin\apache-zookeeper-3.5.7-bin\lib\commons-cli-1.2.jar;C:\Users\psych\Downloads\DistributedSystems\distsystemsA2\apache-zookeeper-3.5.7-bin.tar\apache-zookeeper-3.5.7-bin\apache-zookeeper-3.5.7-bin\lib\audience-annotations-0.5.0.jar;C:\Users\psych\Downloads\DistributedSystems\distsystemsA2\apache-zookeeper-3.5.7-bin.tar\apache-zookeeper-3.5.7-bin\apache-zookeeper-3.5.7-bin\zookeeper-*.jar;C:\Users\psych\Downloads\DistributedSystems\distsystemsA2\apache-zookeeper-3.5.7-bin.tar\apache-zookeeper-3.5.7-bin\apache-zookeeper-3.5.7-bin\zookeeper-server\src\main\resources\lib\*.jar;C:\Users\psych\Downloads\DistributedSystems\distsystemsA2\apache-zookeeper-3.5.7-bin.tar\apache-zookeeper-3.5.7-bin\apache-zookeeper-3.5.7-bin\conf;.
2020-02-23 15:40:24,115 [myid:] - INFO  [main:Environment@109] - Server environment:java.library.path=C:\Program Files (x86)\Common Files\Oracle\Java\javapath;C:\WINDOWS\Sun\Java\bin;C:\WINDOWS\system32;C:\WINDOWS;C:\Users\psych\bin;C:\Program Files\Git\mingw64\bin;C:\Program Files\Git\usr\local\bin;C:\Program Files\Git\usr\bin;C:\Program Files\Git\usr\bin;C:\Program Files\Git\mingw64\bin;C:\Program Files\Git\usr\bin;C:\Users\psych\bin;C:\Users\psych\Anaconda3;C:\Users\psych\Anaconda3\Library\mingw-w64\bin;C:\Users\psych\Anaconda3\Library\usr\bin;C:\Users\psych\Anaconda3\Library\bin;C:\Users\psych\Anaconda3\Scripts;C:\Users\psych\Anaconda3\bin;C:\Users\psych\Anaconda3\condabin;C:\Program Files\NVIDIA GPU Computing Toolkit\CUDA\v10.0\bin;C:\Program Files\NVIDIA GPU Computing Toolkit\CUDA\v10.0\libnvvp;.;C:\Program Files (x86)\Common Files\Oracle\Java\javapath;C:\Program Files (x86)\Intel\Intel(R) Management Engine Components\iCLS;C:\Program Files\Intel\Intel(R) Management Engine Components\iCLS;C:\Windows\system32;C:\Windows;C:\Windows\System32\Wbem;C:\Windows\System32\WindowsPowerShell\v1.0;C:\Windows\System32\OpenSSH;C:\Program Files (x86)\Intel\Intel(R) Management Engine Components\DAL;C:\Program Files\Intel\Intel(R) Management Engine Components\DAL;C:\Program Files (x86)\Intel\Intel(R) Management Engine Components\IPT;C:\Program Files\Intel\Intel(R) Management Engine Components\IPT;C:\Program Files (x86)\NVIDIA Corporation\PhysX\Common;C:\Program Files\NVIDIA Corporation\NVIDIA NvDLISR;C:\Program Files\Git\cmd;C:\Program Files\dotnet;C:\Program Files\nodejs;C:\Program Files (x86)\Yarn\bin;C:\WINDOWS\system32;C:\WINDOWS;C:\WINDOWS\System32\Wbem;C:\WINDOWS\System32\WindowsPowerShell\v1.0;C:\WINDOWS\System32\OpenSSH;C:\HashiCorp\Vagrant\bin;C:\Users\psych\Anaconda3;C:\Users\psych\AppData\Local\Programs\Microsoft VS Code\bin;C:\Users\psych\AppData\Local\Microsoft\WindowsApps;.;C:\Program Files\Git\usr\bin\vendor_perl;C:\Program Files\Git\usr\bin\core_perl;.
2020-02-23 15:40:24,115 [myid:] - INFO  [main:Environment@109] - Server environment:java.io.tmpdir=C:\Users\psych\AppData\Local\Temp\
2020-02-23 15:40:24,115 [myid:] - INFO  [main:Environment@109] - Server environment:java.compiler=<NA>
2020-02-23 15:40:24,115 [myid:] - INFO  [main:Environment@109] - Server environment:os.name=Windows 10
2020-02-23 15:40:24,115 [myid:] - INFO  [main:Environment@109] - Server environment:os.arch=amd64
2020-02-23 15:40:24,115 [myid:] - INFO  [main:Environment@109] - Server environment:os.version=10.0
2020-02-23 15:40:24,115 [myid:] - INFO  [main:Environment@109] - Server environment:user.name=psych
2020-02-23 15:40:24,115 [myid:] - INFO  [main:Environment@109] - Server environment:user.home=C:\Users\psych
2020-02-23 15:40:24,115 [myid:] - INFO  [main:Environment@109] - Server environment:user.dir=C:\Users\psych\Downloads\DistributedSystems\distsystemsA2\apache-zookeeper-3.5.7-bin.tar\apache-zookeeper-3.5.7-bin\apache-zookeeper-3.5.7-bin\bin
2020-02-23 15:40:24,115 [myid:] - INFO  [main:Environment@109] - Server environment:os.memory.free=233MB
2020-02-23 15:40:24,115 [myid:] - INFO  [main:Environment@109] - Server environment:os.memory.max=889MB
2020-02-23 15:40:24,115 [myid:] - INFO  [main:Environment@109] - Server environment:os.memory.total=245MB
2020-02-23 15:40:24,116 [myid:] - INFO  [main:ZooKeeperServer@938] - minSessionTimeout set to 4000
2020-02-23 15:40:24,116 [myid:] - INFO  [main:ZooKeeperServer@947] - maxSessionTimeout set to 40000
2020-02-23 15:40:24,116 [myid:] - INFO  [main:ZooKeeperServer@166] - Created server with tickTime 2000 minSessionTimeout 4000 maxSessionTimeout 40000 datadir \tmp\zookeeper\version-2 snapdir \tmp\zookeeper\version-2
2020-02-23 15:40:24,128 [myid:] - INFO  [main:Log@169] - Logging initialized @1146ms to org.eclipse.jetty.util.log.Slf4jLog
2020-02-23 15:40:24,200 [myid:] - WARN  [main:ContextHandler@1520] - o.e.j.s.ServletContextHandler@4b952a2d{/,null,UNAVAILABLE} contextPath ends with /*
2020-02-23 15:40:24,201 [myid:] - WARN  [main:ContextHandler@1531] - Empty contextPath
2020-02-23 15:40:24,212 [myid:] - INFO  [main:Server@359] - jetty-9.4.24.v20191120; built: 2019-11-20T21:37:49.771Z; git: 363d5f2df3a8a28de40604320230664b9c793c16; jvm 1.8.0_201-b09
2020-02-23 15:40:24,252 [myid:] - INFO  [main:DefaultSessionIdManager@333] - DefaultSessionIdManager workerName=node0
2020-02-23 15:40:24,252 [myid:] - INFO  [main:DefaultSessionIdManager@338] - No SessionScavenger set, using defaults
2020-02-23 15:40:24,253 [myid:] - INFO  [main:HouseKeeper@140] - node0 Scavenging every 660000ms
2020-02-23 15:40:24,261 [myid:] - INFO  [main:ContextHandler@825] - Started o.e.j.s.ServletContextHandler@4b952a2d{/,null,AVAILABLE}
2020-02-23 15:40:24,281 [myid:] - INFO  [main:AbstractConnector@330] - Started ServerConnector@51081592{HTTP/1.1,[http/1.1]}{0.0.0.0:8080}
2020-02-23 15:40:24,281 [myid:] - INFO  [main:Server@399] - Started @1298ms
2020-02-23 15:40:24,281 [myid:] - INFO  [main:JettyAdminServer@112] - Started AdminServer on address 0.0.0.0, port 8080 and command URL /commands
2020-02-23 15:40:24,285 [myid:] - INFO  [main:ServerCnxnFactory@135] - Using org.apache.zookeeper.server.NIOServerCnxnFactory as server connection factory
2020-02-23 15:40:24,287 [myid:] - INFO  [main:NIOServerCnxnFactory@673] - Configuring NIO connection handler with 10s sessionless connection timeout, 2 selector thread(s), 24 worker threads, and 64 kB direct buffers.
2020-02-23 15:40:24,289 [myid:] - INFO  [main:NIOServerCnxnFactory@686] - binding to port 0.0.0.0/0.0.0.0:2181
2020-02-23 15:40:24,297 [myid:] - INFO  [main:ZKDatabase@117] - zookeeper.snapshotSizeFactor = 0.33
2020-02-23 15:40:24,300 [myid:] - INFO  [main:FileTxnSnapLog@404] - Snapshotting: 0x0 to \tmp\zookeeper\version-2\snapshot.0
2020-02-23 15:40:24,305 [myid:] - INFO  [main:FileTxnSnapLog@404] - Snapshotting: 0x0 to \tmp\zookeeper\version-2\snapshot.0
2020-02-23 15:40:24,315 [myid:] - INFO  [main:ContainerManager@64] - Using checkIntervalMs=60000 maxPerMinute=10000
2020-02-23 15:40:47,608 [myid:] - INFO  [SyncThread:0:FileTxnLog@218] - Creating new log file: log.1
2020-02-23 15:43:52,262 [myid:] - WARN  [NIOWorkerThread-17:NIOServerCnxn@370] - Exception causing close of session 0x10022e3bc6a0001: An existing connection was forcibly closed by the remote host
2020-02-23 15:44:04,058 [myid:] - INFO  [SessionTracker:ZooKeeperServer@398] - Expiring session 0x10022e3bc6a0001, timeout of 10000ms exceeded
2020-02-23 19:29:02,247 [myid:] - WARN  [NIOWorkerThread-8:NIOServerCnxn@366] - Unable to read additional data from client sessionid 0x10022e3bc6a0000, likely client has closed socket
2020-02-23 19:29:02,403 [myid:] - INFO  [SessionTracker:ZooKeeperServer@398] - Expiring session 0x10022e3bc6a0000, timeout of 30000ms exceeded
2020-02-23 19:29:12,069 [myid:] - INFO  [NIOWorkerThread-9:ZooKeeperServer@762] - Invalid session 0x10022e3bc6a0000 for client /127.0.0.1:64368, probably expired
2020-02-25 12:06:06,916 [myid:] - WARN  [NIOWorkerThread-13:NIOServerCnxn@370] - Exception causing close of session 0x10022e3bc6a0002: An existing connection was forcibly closed by the remote host
2020-02-25 12:06:18,799 [myid:] - INFO  [SessionTracker:ZooKeeperServer@398] - Expiring session 0x10022e3bc6a0002, timeout of 10000ms exceeded
